2023-02-22 15:54:06,155 -mylogger- INFO - start test...
2023-02-22 15:54:08,224 -mylogger- INFO - input username:admin
2023-02-22 15:54:08,283 -mylogger- INFO - input pwd:123456
2023-02-22 15:54:08,341 -mylogger- INFO - input captcha:6666
2023-02-22 15:54:08,378 -mylogger- INFO - login...
2023-02-22 15:54:10,442 -mylogger- INFO - input username:admin
2023-02-22 15:54:10,485 -mylogger- INFO - input pwd:123456
2023-02-22 15:54:10,976 -mylogger- INFO - input captcha:UPF0
2023-02-22 15:54:10,999 -mylogger- INFO - login...
2023-02-22 15:54:11,261 -mylogger- INFO - start testing ...
2023-02-22 15:54:11,261 -mylogger- INFO - start testing ...
2023-02-22 15:54:13,477 -mylogger- DEBUG - click category...
2023-02-22 15:54:13,477 -mylogger- DEBUG - click category...
2023-02-22 15:54:13,522 -mylogger- DEBUG - input name...
2023-02-22 15:54:13,522 -mylogger- DEBUG - input name...
2023-02-22 15:54:13,639 -mylogger- DEBUG - input slug...
2023-02-22 15:54:13,639 -mylogger- DEBUG - input slug...
2023-02-22 15:54:15,844 -mylogger- DEBUG - click category...
2023-02-22 15:54:15,844 -mylogger- DEBUG - click category...
2023-02-22 15:54:15,899 -mylogger- DEBUG - input name...
2023-02-22 15:54:15,899 -mylogger- DEBUG - input name...
2023-02-22 15:54:15,996 -mylogger- DEBUG - input slug...
2023-02-22 15:54:15,996 -mylogger- DEBUG - input slug...
