2023-02-22 15:53:25,811 -mylogger- INFO - start test...
2023-02-22 15:53:27,885 -mylogger- INFO - input username:admin
2023-02-22 15:53:27,946 -mylogger- INFO - input pwd:123456
2023-02-22 15:53:28,004 -mylogger- INFO - input captcha:6666
2023-02-22 15:53:28,042 -mylogger- INFO - login...
2023-02-22 15:53:30,103 -mylogger- INFO - input username:admin
2023-02-22 15:53:30,146 -mylogger- INFO - input pwd:123456
2023-02-22 15:53:30,642 -mylogger- INFO - input captcha:pxxc
2023-02-22 15:53:30,665 -mylogger- INFO - login...
2023-02-22 15:53:31,184 -mylogger- INFO - start testing ...
2023-02-22 15:53:31,184 -mylogger- INFO - start testing ...
2023-02-22 15:53:33,402 -mylogger- DEBUG - click category...
2023-02-22 15:53:33,402 -mylogger- DEBUG - click category...
2023-02-22 15:53:33,446 -mylogger- DEBUG - input name...
2023-02-22 15:53:33,446 -mylogger- DEBUG - input name...
2023-02-22 15:53:33,566 -mylogger- DEBUG - input slug...
2023-02-22 15:53:33,566 -mylogger- DEBUG - input slug...
2023-02-22 15:53:35,766 -mylogger- DEBUG - click category...
2023-02-22 15:53:35,766 -mylogger- DEBUG - click category...
2023-02-22 15:53:35,823 -mylogger- DEBUG - input name...
2023-02-22 15:53:35,823 -mylogger- DEBUG - input name...
2023-02-22 15:53:35,919 -mylogger- DEBUG - input slug...
2023-02-22 15:53:35,919 -mylogger- DEBUG - input slug...
